\BOOKMARK [0][-]{chapter.1}{Introduction}{}% 1
\BOOKMARK [1][-]{section.1.1}{Motivation}{chapter.1}% 2
\BOOKMARK [1][-]{section.1.2}{Problem Description}{chapter.1}% 3
\BOOKMARK [1][-]{section.1.3}{Related Systems \046 Their Applications}{chapter.1}% 4
\BOOKMARK [1][-]{section.1.4}{Project Aims}{chapter.1}% 5
\BOOKMARK [1][-]{section.1.5}{Report Structure}{chapter.1}% 6
\BOOKMARK [0][-]{chapter.2}{Context Survey}{}% 7
\BOOKMARK [1][-]{section.2.1}{First part}{chapter.2}% 8
\BOOKMARK [1][-]{section.2.2}{Second part}{chapter.2}% 9
\BOOKMARK [1][-]{section.2.3}{Third part}{chapter.2}% 10
\BOOKMARK [1][-]{section.2.4}{Chapter Summary}{chapter.2}% 11
\BOOKMARK [0][-]{chapter.3}{Requirements}{}% 12
\BOOKMARK [1][-]{section.3.1}{Functional Requirements}{chapter.3}% 13
\BOOKMARK [2][-]{subsection.3.1.1}{System Requirements}{section.3.1}% 14
\BOOKMARK [3][-]{section*.5}{Training Phase}{subsection.3.1.1}% 15
\BOOKMARK [3][-]{section*.6}{Evaluation Phase}{subsection.3.1.1}% 16
\BOOKMARK [3][-]{section*.7}{Data Pre-Processing Phase}{subsection.3.1.1}% 17
\BOOKMARK [3][-]{section*.8}{General Requirements}{subsection.3.1.1}% 18
\BOOKMARK [2][-]{subsection.3.1.2}{Code Design Requirements}{section.3.1}% 19
\BOOKMARK [2][-]{subsection.3.1.3}{Data Requirements}{section.3.1}% 20
\BOOKMARK [1][-]{section.3.2}{Non-Functional Requirements}{chapter.3}% 21
\BOOKMARK [1][-]{section.3.3}{Summary}{chapter.3}% 22
\BOOKMARK [0][-]{chapter.4}{Ethics}{}% 23
\BOOKMARK [0][-]{chapter.5}{Design}{}% 24
\BOOKMARK [1][-]{section.5.1}{Programming Language}{chapter.5}% 25
\BOOKMARK [1][-]{section.5.2}{Pipeline Design Analysis}{chapter.5}% 26
\BOOKMARK [1][-]{section.5.3}{General Project Design}{chapter.5}% 27
\BOOKMARK [1][-]{section.5.4}{Chosen Solution}{chapter.5}% 28
\BOOKMARK [1][-]{section.5.5}{Summary}{chapter.5}% 29
\BOOKMARK [0][-]{chapter.6}{Implementation}{}% 30
\BOOKMARK [0][-]{chapter.7}{Evaluation \046 Critical Appraisal}{}% 31
\BOOKMARK [0][-]{chapter.8}{Conclusions}{}% 32
\BOOKMARK [1][-]{section.8.1}{Achievements}{chapter.8}% 33
\BOOKMARK [1][-]{section.8.2}{Future Work}{chapter.8}% 34
\BOOKMARK [1][-]{section.8.3}{Limitations}{chapter.8}% 35
\BOOKMARK [1][-]{section.8.4}{Project Summary \046 Reflections}{chapter.8}% 36
\BOOKMARK [0][-]{appendix.A}{Ethics Approval Document}{}% 37
\BOOKMARK [1][-]{section.A.1}{Greyscale Histogram Features}{appendix.A}% 38
\BOOKMARK [1][-]{section.A.2}{RGB Histogram Features \(Red channel only\)}{appendix.A}% 39
\BOOKMARK [1][-]{section.A.3}{HSV Histogram Features}{appendix.A}% 40
